This is pdfTeX, Version 3.141592653-2.6-1.40.27 (TeX Live 2025/nixos.org) (preloaded format=pdflatex 1980.1.1)  21 SEP 2025 12:45
entering extended mode
 restricted \write18 enabled.
 %&-line parsing enabled.
**document.tex
(./document.tex
LaTeX2e <2025-06-01> patch level 1
L3 programming layer <2025-06-09>

(/nix/store/07r08wijx7cs33ip6jla2rmmnpbmxjpy-texlive-2025-env-texmfdist/tex/lat
ex/base/article.cls
Document Class: article 2025/01/22 v1.4n Standard LaTeX document class

(/nix/store/07r08wijx7cs33ip6jla2rmmnpbmxjpy-texlive-2025-env-texmfdist/tex/lat
ex/base/size12.clo
File: size12.clo 2025/01/22 v1.4n Standard LaTeX file (size option)
)
\c@part=\count275
\c@section=\count276
\c@subsection=\count277
\c@subsubsection=\count278
\c@paragraph=\count279
\c@subparagraph=\count280
\c@figure=\count281
\c@table=\count282
\abovecaptionskip=\skip49
\belowcaptionskip=\skip50
\bibindent=\dimen148
)
(/nix/store/07r08wijx7cs33ip6jla2rmmnpbmxjpy-texlive-2025-env-texmfdist/tex/lat
ex/base/inputenc.sty
Package: inputenc 2024/02/08 v1.3d Input encoding file
\inpenc@prehook=\toks17
\inpenc@posthook=\toks18
)
(/nix/store/07r08wijx7cs33ip6jla2rmmnpbmxjpy-texlive-2025-env-texmfdist/tex/gen
eric/babel/babel.sty
Package: babel 2025/06/10 v25.10 The multilingual framework for pdfLaTeX, LuaLa
TeX and XeLaTeX
\babel@savecnt=\count283
LaTeX Encoding Info:    Redeclaring text command \ij (encoding OT1) on input li
ne 2043.
LaTeX Encoding Info:    Redeclaring text command \IJ (encoding OT1) on input li
ne 2045.
LaTeX Encoding Info:    Redeclaring text command \ij (encoding T1) on input lin
e 2047.
LaTeX Encoding Info:    Redeclaring text command \IJ (encoding T1) on input lin
e 2048.
LaTeX Encoding Info:    Ignoring declaration for text command \ij (encoding ?) 
on input line 2049.
LaTeX Encoding Info:    Ignoring declaration for text command \IJ (encoding ?) 
on input line 2051.
LaTeX Encoding Info:    Ignoring declaration for text command \SS (encoding ?) 
on input line 2076.
\U@D=\dimen149
\l@unhyphenated=\language90

(/nix/store/07r08wijx7cs33ip6jla2rmmnpbmxjpy-texlive-2025-env-texmfdist/tex/gen
eric/babel/txtbabel.def)
\bbl@readstream=\read2
\bbl@dirlevel=\count284

(/nix/store/07r08wijx7cs33ip6jla2rmmnpbmxjpy-texlive-2025-env-texmfdist/tex/gen
eric/babel-english/english.ldf
Language: english 2017/06/06 v3.3r English support from the babel system

(/nix/store/07r08wijx7cs33ip6jla2rmmnpbmxjpy-texlive-2025-env-texmfdist/tex/gen
eric/babel/locale/en/babel-english.tex
Package babel Info: Importing font and identification data for english
(babel)             from babel-en.ini. Reported on input line 11.
)
Package babel Info: Hyphen rules for 'canadian' set to \l@english
(babel)             (\language0). Reported on input line 102.
Package babel Info: Hyphen rules for 'australian' set to \l@ukenglish
(babel)             (\language22). Reported on input line 105.
Package babel Info: Hyphen rules for 'newzealand' set to \l@ukenglish
(babel)             (\language22). Reported on input line 108.
))
(/nix/store/07r08wijx7cs33ip6jla2rmmnpbmxjpy-texlive-2025-env-texmfdist/tex/lat
ex/amsmath/amsmath.sty
Package: amsmath 2025/06/16 v2.17y AMS math features
\@mathmargin=\skip51

For additional information on amsmath, use the `?' option.

(/nix/store/07r08wijx7cs33ip6jla2rmmnpbmxjpy-texlive-2025-env-texmfdist/tex/lat
ex/amsmath/amstext.sty
Package: amstext 2024/11/17 v2.01 AMS text

(/nix/store/07r08wijx7cs33ip6jla2rmmnpbmxjpy-texlive-2025-env-texmfdist/tex/lat
ex/amsmath/amsgen.sty
File: amsgen.sty 1999/11/30 v2.0 generic functions
\@emptytoks=\toks19
\ex@=\dimen150
))
(/nix/store/07r08wijx7cs33ip6jla2rmmnpbmxjpy-texlive-2025-env-texmfdist/tex/lat
ex/amsmath/amsbsy.sty
Package: amsbsy 1999/11/29 v1.2d Bold Symbols
\pmbraise@=\dimen151
)
(/nix/store/07r08wijx7cs33ip6jla2rmmnpbmxjpy-texlive-2025-env-texmfdist/tex/lat
ex/amsmath/amsopn.sty
Package: amsopn 2022/04/08 v2.04 operator names
)
\inf@bad=\count285
LaTeX Info: Redefining \frac on input line 233.
\uproot@=\count286
\leftroot@=\count287
LaTeX Info: Redefining \overline on input line 398.
LaTeX Info: Redefining \colon on input line 409.
\classnum@=\count288
\DOTSCASE@=\count289
LaTeX Info: Redefining \ldots on input line 495.
LaTeX Info: Redefining \dots on input line 498.
LaTeX Info: Redefining \cdots on input line 619.
\Mathstrutbox@=\box53
\strutbox@=\box54
LaTeX Info: Redefining \big on input line 721.
LaTeX Info: Redefining \Big on input line 722.
LaTeX Info: Redefining \bigg on input line 723.
LaTeX Info: Redefining \Bigg on input line 724.
\big@size=\dimen152
LaTeX Font Info:    Redeclaring font encoding OML on input line 742.
LaTeX Font Info:    Redeclaring font encoding OMS on input line 743.
\macc@depth=\count290
LaTeX Info: Redefining \bmod on input line 904.
LaTeX Info: Redefining \pmod on input line 909.
LaTeX Info: Redefining \smash on input line 939.
LaTeX Info: Redefining \relbar on input line 969.
LaTeX Info: Redefining \Relbar on input line 970.
\c@MaxMatrixCols=\count291
\dotsspace@=\muskip17
\c@parentequation=\count292
\dspbrk@lvl=\count293
\tag@help=\toks20
\row@=\count294
\column@=\count295
\maxfields@=\count296
\andhelp@=\toks21
\eqnshift@=\dimen153
\alignsep@=\dimen154
\tagshift@=\dimen155
\tagwidth@=\dimen156
\totwidth@=\dimen157
\lineht@=\dimen158
\@envbody=\toks22
\multlinegap=\skip52
\multlinetaggap=\skip53
\mathdisplay@stack=\toks23
LaTeX Info: Redefining \[ on input line 2949.
LaTeX Info: Redefining \] on input line 2950.
)
(/nix/store/07r08wijx7cs33ip6jla2rmmnpbmxjpy-texlive-2025-env-texmfdist/tex/lat
ex/amscls/amsthm.sty
Package: amsthm 2020/05/29 v2.20.6
\thm@style=\toks24
\thm@bodyfont=\toks25
\thm@headfont=\toks26
\thm@notefont=\toks27
\thm@headpunct=\toks28
\thm@preskip=\skip54
\thm@postskip=\skip55
\thm@headsep=\skip56
\dth@everypar=\toks29
)
(/nix/store/07r08wijx7cs33ip6jla2rmmnpbmxjpy-texlive-2025-env-texmfdist/tex/lat
ex/amsfonts/amssymb.sty
Package: amssymb 2013/01/14 v3.01 AMS font symbols

(/nix/store/07r08wijx7cs33ip6jla2rmmnpbmxjpy-texlive-2025-env-texmfdist/tex/lat
ex/amsfonts/amsfonts.sty
Package: amsfonts 2013/01/14 v3.01 Basic AMSFonts support
\symAMSa=\mathgroup4
\symAMSb=\mathgroup5
LaTeX Font Info:    Redeclaring math symbol \hbar on input line 98.
LaTeX Font Info:    Overwriting math alphabet `\mathfrak' in version `bold'
(Font)                  U/euf/m/n --> U/euf/b/n on input line 106.
))
(/nix/store/07r08wijx7cs33ip6jla2rmmnpbmxjpy-texlive-2025-env-texmfdist/tex/lat
ex/graphics/graphicx.sty
Package: graphicx 2024/12/31 v1.2e Enhanced LaTeX Graphics (DPC,SPQR)

(/nix/store/07r08wijx7cs33ip6jla2rmmnpbmxjpy-texlive-2025-env-texmfdist/tex/lat
ex/graphics/keyval.sty
Package: keyval 2022/05/29 v1.15 key=value parser (DPC)
\KV@toks@=\toks30
)
(/nix/store/07r08wijx7cs33ip6jla2rmmnpbmxjpy-texlive-2025-env-texmfdist/tex/lat
ex/graphics/graphics.sty
Package: graphics 2024/08/06 v1.4g Standard LaTeX Graphics (DPC,SPQR)

(/nix/store/07r08wijx7cs33ip6jla2rmmnpbmxjpy-texlive-2025-env-texmfdist/tex/lat
ex/graphics/trig.sty
Package: trig 2023/12/02 v1.11 sin cos tan (DPC)
)
(/nix/store/07r08wijx7cs33ip6jla2rmmnpbmxjpy-texlive-2025-env-texmfdist/tex/lat
ex/graphics-cfg/graphics.cfg
File: graphics.cfg 2016/06/04 v1.11 sample graphics configuration
)
Package graphics Info: Driver file: pdftex.def on input line 106.

(/nix/store/07r08wijx7cs33ip6jla2rmmnpbmxjpy-texlive-2025-env-texmfdist/tex/lat
ex/graphics-def/pdftex.def
File: pdftex.def 2024/04/13 v1.2c Graphics/color driver for pdftex
))
\Gin@req@height=\dimen159
\Gin@req@width=\dimen160
)
(/nix/store/07r08wijx7cs33ip6jla2rmmnpbmxjpy-texlive-2025-env-texmfdist/tex/lat
ex/setspace/setspace.sty
Package: setspace 2022/12/04 v6.7b set line spacing
)
(/nix/store/07r08wijx7cs33ip6jla2rmmnpbmxjpy-texlive-2025-env-texmfdist/tex/lat
ex/geometry/geometry.sty
Package: geometry 2020/01/02 v5.9 Page Geometry

(/nix/store/07r08wijx7cs33ip6jla2rmmnpbmxjpy-texlive-2025-env-texmfdist/tex/gen
eric/iftex/ifvtex.sty
Package: ifvtex 2019/10/25 v1.7 ifvtex legacy package. Use iftex instead.

(/nix/store/07r08wijx7cs33ip6jla2rmmnpbmxjpy-texlive-2025-env-texmfdist/tex/gen
eric/iftex/iftex.sty
Package: iftex 2024/12/12 v1.0g TeX engine tests
))
\Gm@cnth=\count297
\Gm@cntv=\count298
\c@Gm@tempcnt=\count299
\Gm@bindingoffset=\dimen161
\Gm@wd@mp=\dimen162
\Gm@odd@mp=\dimen163
\Gm@even@mp=\dimen164
\Gm@layoutwidth=\dimen165
\Gm@layoutheight=\dimen166
\Gm@layouthoffset=\dimen167
\Gm@layoutvoffset=\dimen168
\Gm@dimlist=\toks31
)
(/nix/store/07r08wijx7cs33ip6jla2rmmnpbmxjpy-texlive-2025-env-texmfdist/tex/lat
ex/float/float.sty
Package: float 2001/11/08 v1.3d Float enhancements (AL)
\c@float@type=\count300
\float@exts=\toks32
\float@box=\box55
\@float@everytoks=\toks33
\@floatcapt=\box56
)
(/nix/store/07r08wijx7cs33ip6jla2rmmnpbmxjpy-texlive-2025-env-texmfdist/tex/lat
ex/framed/framed.sty
Package: framed 2011/10/22 v 0.96: framed or shaded text with page breaks
\OuterFrameSep=\skip57
\fb@frw=\dimen169
\fb@frh=\dimen170
\FrameRule=\dimen171
\FrameSep=\dimen172
)
(/nix/store/07r08wijx7cs33ip6jla2rmmnpbmxjpy-texlive-2025-env-texmfdist/tex/lat
ex/xcolor/xcolor.sty
Package: xcolor 2024/09/29 v3.02 LaTeX color extensions (UK)

(/nix/store/07r08wijx7cs33ip6jla2rmmnpbmxjpy-texlive-2025-env-texmfdist/tex/lat
ex/graphics-cfg/color.cfg
File: color.cfg 2016/01/02 v1.6 sample color configuration
)
Package xcolor Info: Driver file: pdftex.def on input line 274.

(/nix/store/07r08wijx7cs33ip6jla2rmmnpbmxjpy-texlive-2025-env-texmfdist/tex/lat
ex/graphics/mathcolor.ltx)
Package xcolor Info: Model `cmy' substituted by `cmy0' on input line 1349.
Package xcolor Info: Model `hsb' substituted by `rgb' on input line 1353.
Package xcolor Info: Model `RGB' extended on input line 1365.
Package xcolor Info: Model `HTML' substituted by `rgb' on input line 1367.
Package xcolor Info: Model `Hsb' substituted by `hsb' on input line 1368.
Package xcolor Info: Model `tHsb' substituted by `hsb' on input line 1369.
Package xcolor Info: Model `HSB' substituted by `hsb' on input line 1370.
Package xcolor Info: Model `Gray' substituted by `gray' on input line 1371.
Package xcolor Info: Model `wave' substituted by `hsb' on input line 1372.
)
(/nix/store/07r08wijx7cs33ip6jla2rmmnpbmxjpy-texlive-2025-env-texmfdist/tex/lat
ex/graphics/dvipsnam.def
File: dvipsnam.def 2016/06/17 v3.0m Driver-dependent file (DPC,SPQR)
)
(/nix/store/07r08wijx7cs33ip6jla2rmmnpbmxjpy-texlive-2025-env-texmfdist/tex/lat
ex/xcolor/svgnam.def
File: svgnam.def 2024/09/29 v3.02 Predefined colors according to SVG 1.1 (UK)
)
(/nix/store/07r08wijx7cs33ip6jla2rmmnpbmxjpy-texlive-2025-env-texmfdist/tex/lat
ex/tcolorbox/tcolorbox.sty
Package: tcolorbox 2025/06/04 version 6.6.0 text color boxes

(/nix/store/07r08wijx7cs33ip6jla2rmmnpbmxjpy-texlive-2025-env-texmfdist/tex/lat
ex/pgf/frontendlayer/tikz.sty
(/nix/store/07r08wijx7cs33ip6jla2rmmnpbmxjpy-texlive-2025-env-texmfdist/tex/lat
ex/pgf/basiclayer/pgf.sty
(/nix/store/07r08wijx7cs33ip6jla2rmmnpbmxjpy-texlive-2025-env-texmfdist/tex/lat
ex/pgf/utilities/pgfrcs.sty
(/nix/store/07r08wijx7cs33ip6jla2rmmnpbmxjpy-texlive-2025-env-texmfdist/tex/gen
eric/pgf/utilities/pgfutil-common.tex
\pgfutil@everybye=\toks34
\pgfutil@tempdima=\dimen173
\pgfutil@tempdimb=\dimen174
)
(/nix/store/07r08wijx7cs33ip6jla2rmmnpbmxjpy-texlive-2025-env-texmfdist/tex/gen
eric/pgf/utilities/pgfutil-latex.def
\pgfutil@abb=\box57
)
(/nix/store/07r08wijx7cs33ip6jla2rmmnpbmxjpy-texlive-2025-env-texmfdist/tex/gen
eric/pgf/utilities/pgfrcs.code.tex
(/nix/store/07r08wijx7cs33ip6jla2rmmnpbmxjpy-texlive-2025-env-texmfdist/tex/gen
eric/pgf/pgf.revision.tex)
Package: pgfrcs 2023-01-15 v3.1.10 (3.1.10)
))
Package: pgf 2023-01-15 v3.1.10 (3.1.10)

(/nix/store/07r08wijx7cs33ip6jla2rmmnpbmxjpy-texlive-2025-env-texmfdist/tex/lat
ex/pgf/basiclayer/pgfcore.sty
(/nix/store/07r08wijx7cs33ip6jla2rmmnpbmxjpy-texlive-2025-env-texmfdist/tex/lat
ex/pgf/systemlayer/pgfsys.sty
(/nix/store/07r08wijx7cs33ip6jla2rmmnpbmxjpy-texlive-2025-env-texmfdist/tex/gen
eric/pgf/systemlayer/pgfsys.code.tex
Package: pgfsys 2023-01-15 v3.1.10 (3.1.10)

(/nix/store/07r08wijx7cs33ip6jla2rmmnpbmxjpy-texlive-2025-env-texmfdist/tex/gen
eric/pgf/utilities/pgfkeys.code.tex
\pgfkeys@pathtoks=\toks35
\pgfkeys@temptoks=\toks36

(/nix/store/07r08wijx7cs33ip6jla2rmmnpbmxjpy-texlive-2025-env-texmfdist/tex/gen
eric/pgf/utilities/pgfkeyslibraryfiltered.code.tex
\pgfkeys@tmptoks=\toks37
))
\pgf@x=\dimen175
\pgf@y=\dimen176
\pgf@xa=\dimen177
\pgf@ya=\dimen178
\pgf@xb=\dimen179
\pgf@yb=\dimen180
\pgf@xc=\dimen181
\pgf@yc=\dimen182
\pgf@xd=\dimen183
\pgf@yd=\dimen184
\w@pgf@writea=\write3
\r@pgf@reada=\read3
\c@pgf@counta=\count301
\c@pgf@countb=\count302
\c@pgf@countc=\count303
\c@pgf@countd=\count304
\t@pgf@toka=\toks38
\t@pgf@tokb=\toks39
\t@pgf@tokc=\toks40
\pgf@sys@id@count=\count305

(/nix/store/07r08wijx7cs33ip6jla2rmmnpbmxjpy-texlive-2025-env-texmfdist/tex/gen
eric/pgf/systemlayer/pgf.cfg
File: pgf.cfg 2023-01-15 v3.1.10 (3.1.10)
)
Driver file for pgf: pgfsys-pdftex.def

(/nix/store/07r08wijx7cs33ip6jla2rmmnpbmxjpy-texlive-2025-env-texmfdist/tex/gen
eric/pgf/systemlayer/pgfsys-pdftex.def
File: pgfsys-pdftex.def 2023-01-15 v3.1.10 (3.1.10)

(/nix/store/07r08wijx7cs33ip6jla2rmmnpbmxjpy-texlive-2025-env-texmfdist/tex/gen
eric/pgf/systemlayer/pgfsys-common-pdf.def
File: pgfsys-common-pdf.def 2023-01-15 v3.1.10 (3.1.10)
)))
(/nix/store/07r08wijx7cs33ip6jla2rmmnpbmxjpy-texlive-2025-env-texmfdist/tex/gen
eric/pgf/systemlayer/pgfsyssoftpath.code.tex
File: pgfsyssoftpath.code.tex 2023-01-15 v3.1.10 (3.1.10)
\pgfsyssoftpath@smallbuffer@items=\count306
\pgfsyssoftpath@bigbuffer@items=\count307
)
(/nix/store/07r08wijx7cs33ip6jla2rmmnpbmxjpy-texlive-2025-env-texmfdist/tex/gen
eric/pgf/systemlayer/pgfsysprotocol.code.tex
File: pgfsysprotocol.code.tex 2023-01-15 v3.1.10 (3.1.10)
))
(/nix/store/07r08wijx7cs33ip6jla2rmmnpbmxjpy-texlive-2025-env-texmfdist/tex/gen
eric/pgf/basiclayer/pgfcore.code.tex
Package: pgfcore 2023-01-15 v3.1.10 (3.1.10)

(/nix/store/07r08wijx7cs33ip6jla2rmmnpbmxjpy-texlive-2025-env-texmfdist/tex/gen
eric/pgf/math/pgfmath.code.tex
(/nix/store/07r08wijx7cs33ip6jla2rmmnpbmxjpy-texlive-2025-env-texmfdist/tex/gen
eric/pgf/math/pgfmathutil.code.tex)
(/nix/store/07r08wijx7cs33ip6jla2rmmnpbmxjpy-texlive-2025-env-texmfdist/tex/gen
eric/pgf/math/pgfmathparser.code.tex
\pgfmath@dimen=\dimen185
\pgfmath@count=\count308
\pgfmath@box=\box58
\pgfmath@toks=\toks41
\pgfmath@stack@operand=\toks42
\pgfmath@stack@operation=\toks43
)
(/nix/store/07r08wijx7cs33ip6jla2rmmnpbmxjpy-texlive-2025-env-texmfdist/tex/gen
eric/pgf/math/pgfmathfunctions.code.tex)
(/nix/store/07r08wijx7cs33ip6jla2rmmnpbmxjpy-texlive-2025-env-texmfdist/tex/gen
eric/pgf/math/pgfmathfunctions.basic.code.tex)
(/nix/store/07r08wijx7cs33ip6jla2rmmnpbmxjpy-texlive-2025-env-texmfdist/tex/gen
eric/pgf/math/pgfmathfunctions.trigonometric.code.tex)
(/nix/store/07r08wijx7cs33ip6jla2rmmnpbmxjpy-texlive-2025-env-texmfdist/tex/gen
eric/pgf/math/pgfmathfunctions.random.code.tex)
(/nix/store/07r08wijx7cs33ip6jla2rmmnpbmxjpy-texlive-2025-env-texmfdist/tex/gen
eric/pgf/math/pgfmathfunctions.comparison.code.tex)
(/nix/store/07r08wijx7cs33ip6jla2rmmnpbmxjpy-texlive-2025-env-texmfdist/tex/gen
eric/pgf/math/pgfmathfunctions.base.code.tex)
(/nix/store/07r08wijx7cs33ip6jla2rmmnpbmxjpy-texlive-2025-env-texmfdist/tex/gen
eric/pgf/math/pgfmathfunctions.round.code.tex)
(/nix/store/07r08wijx7cs33ip6jla2rmmnpbmxjpy-texlive-2025-env-texmfdist/tex/gen
eric/pgf/math/pgfmathfunctions.misc.code.tex)
(/nix/store/07r08wijx7cs33ip6jla2rmmnpbmxjpy-texlive-2025-env-texmfdist/tex/gen
eric/pgf/math/pgfmathfunctions.integerarithmetics.code.tex)
(/nix/store/07r08wijx7cs33ip6jla2rmmnpbmxjpy-texlive-2025-env-texmfdist/tex/gen
eric/pgf/math/pgfmathcalc.code.tex)
(/nix/store/07r08wijx7cs33ip6jla2rmmnpbmxjpy-texlive-2025-env-texmfdist/tex/gen
eric/pgf/math/pgfmathfloat.code.tex
\c@pgfmathroundto@lastzeros=\count309
))
(/nix/store/07r08wijx7cs33ip6jla2rmmnpbmxjpy-texlive-2025-env-texmfdist/tex/gen
eric/pgf/math/pgfint.code.tex)
(/nix/store/07r08wijx7cs33ip6jla2rmmnpbmxjpy-texlive-2025-env-texmfdist/tex/gen
eric/pgf/basiclayer/pgfcorepoints.code.tex
File: pgfcorepoints.code.tex 2023-01-15 v3.1.10 (3.1.10)
\pgf@picminx=\dimen186
\pgf@picmaxx=\dimen187
\pgf@picminy=\dimen188
\pgf@picmaxy=\dimen189
\pgf@pathminx=\dimen190
\pgf@pathmaxx=\dimen191
\pgf@pathminy=\dimen192
\pgf@pathmaxy=\dimen193
\pgf@xx=\dimen194
\pgf@xy=\dimen195
\pgf@yx=\dimen196
\pgf@yy=\dimen197
\pgf@zx=\dimen198
\pgf@zy=\dimen199
)
(/nix/store/07r08wijx7cs33ip6jla2rmmnpbmxjpy-texlive-2025-env-texmfdist/tex/gen
eric/pgf/basiclayer/pgfcorepathconstruct.code.tex
File: pgfcorepathconstruct.code.tex 2023-01-15 v3.1.10 (3.1.10)
\pgf@path@lastx=\dimen256
\pgf@path@lasty=\dimen257
)
(/nix/store/07r08wijx7cs33ip6jla2rmmnpbmxjpy-texlive-2025-env-texmfdist/tex/gen
eric/pgf/basiclayer/pgfcorepathusage.code.tex
File: pgfcorepathusage.code.tex 2023-01-15 v3.1.10 (3.1.10)
\pgf@shorten@end@additional=\dimen258
\pgf@shorten@start@additional=\dimen259
)
(/nix/store/07r08wijx7cs33ip6jla2rmmnpbmxjpy-texlive-2025-env-texmfdist/tex/gen
eric/pgf/basiclayer/pgfcorescopes.code.tex
File: pgfcorescopes.code.tex 2023-01-15 v3.1.10 (3.1.10)
\pgfpic=\box59
\pgf@hbox=\box60
\pgf@layerbox@main=\box61
\pgf@picture@serial@count=\count310
)
(/nix/store/07r08wijx7cs33ip6jla2rmmnpbmxjpy-texlive-2025-env-texmfdist/tex/gen
eric/pgf/basiclayer/pgfcoregraphicstate.code.tex
File: pgfcoregraphicstate.code.tex 2023-01-15 v3.1.10 (3.1.10)
\pgflinewidth=\dimen260
)
(/nix/store/07r08wijx7cs33ip6jla2rmmnpbmxjpy-texlive-2025-env-texmfdist/tex/gen
eric/pgf/basiclayer/pgfcoretransformations.code.tex
File: pgfcoretransformations.code.tex 2023-01-15 v3.1.10 (3.1.10)
\pgf@pt@x=\dimen261
\pgf@pt@y=\dimen262
\pgf@pt@temp=\dimen263
)
(/nix/store/07r08wijx7cs33ip6jla2rmmnpbmxjpy-texlive-2025-env-texmfdist/tex/gen
eric/pgf/basiclayer/pgfcorequick.code.tex
File: pgfcorequick.code.tex 2023-01-15 v3.1.10 (3.1.10)
)
(/nix/store/07r08wijx7cs33ip6jla2rmmnpbmxjpy-texlive-2025-env-texmfdist/tex/gen
eric/pgf/basiclayer/pgfcoreobjects.code.tex
File: pgfcoreobjects.code.tex 2023-01-15 v3.1.10 (3.1.10)
)
(/nix/store/07r08wijx7cs33ip6jla2rmmnpbmxjpy-texlive-2025-env-texmfdist/tex/gen
eric/pgf/basiclayer/pgfcorepathprocessing.code.tex
File: pgfcorepathprocessing.code.tex 2023-01-15 v3.1.10 (3.1.10)
)
(/nix/store/07r08wijx7cs33ip6jla2rmmnpbmxjpy-texlive-2025-env-texmfdist/tex/gen
eric/pgf/basiclayer/pgfcorearrows.code.tex
File: pgfcorearrows.code.tex 2023-01-15 v3.1.10 (3.1.10)
\pgfarrowsep=\dimen264
)
(/nix/store/07r08wijx7cs33ip6jla2rmmnpbmxjpy-texlive-2025-env-texmfdist/tex/gen
eric/pgf/basiclayer/pgfcoreshade.code.tex
File: pgfcoreshade.code.tex 2023-01-15 v3.1.10 (3.1.10)
\pgf@max=\dimen265
\pgf@sys@shading@range@num=\count311
\pgf@shadingcount=\count312
)
(/nix/store/07r08wijx7cs33ip6jla2rmmnpbmxjpy-texlive-2025-env-texmfdist/tex/gen
eric/pgf/basiclayer/pgfcoreimage.code.tex
File: pgfcoreimage.code.tex 2023-01-15 v3.1.10 (3.1.10)
)
(/nix/store/07r08wijx7cs33ip6jla2rmmnpbmxjpy-texlive-2025-env-texmfdist/tex/gen
eric/pgf/basiclayer/pgfcoreexternal.code.tex
File: pgfcoreexternal.code.tex 2023-01-15 v3.1.10 (3.1.10)
\pgfexternal@startupbox=\box62
)
(/nix/store/07r08wijx7cs33ip6jla2rmmnpbmxjpy-texlive-2025-env-texmfdist/tex/gen
eric/pgf/basiclayer/pgfcorelayers.code.tex
File: pgfcorelayers.code.tex 2023-01-15 v3.1.10 (3.1.10)
)
(/nix/store/07r08wijx7cs33ip6jla2rmmnpbmxjpy-texlive-2025-env-texmfdist/tex/gen
eric/pgf/basiclayer/pgfcoretransparency.code.tex
File: pgfcoretransparency.code.tex 2023-01-15 v3.1.10 (3.1.10)
)
(/nix/store/07r08wijx7cs33ip6jla2rmmnpbmxjpy-texlive-2025-env-texmfdist/tex/gen
eric/pgf/basiclayer/pgfcorepatterns.code.tex
File: pgfcorepatterns.code.tex 2023-01-15 v3.1.10 (3.1.10)
)
(/nix/store/07r08wijx7cs33ip6jla2rmmnpbmxjpy-texlive-2025-env-texmfdist/tex/gen
eric/pgf/basiclayer/pgfcorerdf.code.tex
File: pgfcorerdf.code.tex 2023-01-15 v3.1.10 (3.1.10)
)))
(/nix/store/07r08wijx7cs33ip6jla2rmmnpbmxjpy-texlive-2025-env-texmfdist/tex/gen
eric/pgf/modules/pgfmoduleshapes.code.tex
File: pgfmoduleshapes.code.tex 2023-01-15 v3.1.10 (3.1.10)
\pgfnodeparttextbox=\box63
)
(/nix/store/07r08wijx7cs33ip6jla2rmmnpbmxjpy-texlive-2025-env-texmfdist/tex/gen
eric/pgf/modules/pgfmoduleplot.code.tex
File: pgfmoduleplot.code.tex 2023-01-15 v3.1.10 (3.1.10)
)
(/nix/store/07r08wijx7cs33ip6jla2rmmnpbmxjpy-texlive-2025-env-texmfdist/tex/lat
ex/pgf/compatibility/pgfcomp-version-0-65.sty
Package: pgfcomp-version-0-65 2023-01-15 v3.1.10 (3.1.10)
\pgf@nodesepstart=\dimen266
\pgf@nodesepend=\dimen267
)
(/nix/store/07r08wijx7cs33ip6jla2rmmnpbmxjpy-texlive-2025-env-texmfdist/tex/lat
ex/pgf/compatibility/pgfcomp-version-1-18.sty
Package: pgfcomp-version-1-18 2023-01-15 v3.1.10 (3.1.10)
))
(/nix/store/07r08wijx7cs33ip6jla2rmmnpbmxjpy-texlive-2025-env-texmfdist/tex/lat
ex/pgf/utilities/pgffor.sty
(/nix/store/07r08wijx7cs33ip6jla2rmmnpbmxjpy-texlive-2025-env-texmfdist/tex/lat
ex/pgf/utilities/pgfkeys.sty
(/nix/store/07r08wijx7cs33ip6jla2rmmnpbmxjpy-texlive-2025-env-texmfdist/tex/gen
eric/pgf/utilities/pgfkeys.code.tex))
(/nix/store/07r08wijx7cs33ip6jla2rmmnpbmxjpy-texlive-2025-env-texmfdist/tex/lat
ex/pgf/math/pgfmath.sty
(/nix/store/07r08wijx7cs33ip6jla2rmmnpbmxjpy-texlive-2025-env-texmfdist/tex/gen
eric/pgf/math/pgfmath.code.tex))
(/nix/store/07r08wijx7cs33ip6jla2rmmnpbmxjpy-texlive-2025-env-texmfdist/tex/gen
eric/pgf/utilities/pgffor.code.tex
Package: pgffor 2023-01-15 v3.1.10 (3.1.10)
\pgffor@iter=\dimen268
\pgffor@skip=\dimen269
\pgffor@stack=\toks44
\pgffor@toks=\toks45
))
(/nix/store/07r08wijx7cs33ip6jla2rmmnpbmxjpy-texlive-2025-env-texmfdist/tex/gen
eric/pgf/frontendlayer/tikz/tikz.code.tex
Package: tikz 2023-01-15 v3.1.10 (3.1.10)

(/nix/store/07r08wijx7cs33ip6jla2rmmnpbmxjpy-texlive-2025-env-texmfdist/tex/gen
eric/pgf/libraries/pgflibraryplothandlers.code.tex
File: pgflibraryplothandlers.code.tex 2023-01-15 v3.1.10 (3.1.10)
\pgf@plot@mark@count=\count313
\pgfplotmarksize=\dimen270
)
\tikz@lastx=\dimen271
\tikz@lasty=\dimen272
\tikz@lastxsaved=\dimen273
\tikz@lastysaved=\dimen274
\tikz@lastmovetox=\dimen275
\tikz@lastmovetoy=\dimen276
\tikzleveldistance=\dimen277
\tikzsiblingdistance=\dimen278
\tikz@figbox=\box64
\tikz@figbox@bg=\box65
\tikz@tempbox=\box66
\tikz@tempbox@bg=\box67
\tikztreelevel=\count314
\tikznumberofchildren=\count315
\tikznumberofcurrentchild=\count316
\tikz@fig@count=\count317

(/nix/store/07r08wijx7cs33ip6jla2rmmnpbmxjpy-texlive-2025-env-texmfdist/tex/gen
eric/pgf/modules/pgfmodulematrix.code.tex
File: pgfmodulematrix.code.tex 2023-01-15 v3.1.10 (3.1.10)
\pgfmatrixcurrentrow=\count318
\pgfmatrixcurrentcolumn=\count319
\pgf@matrix@numberofcolumns=\count320
)
\tikz@expandcount=\count321

(/nix/store/07r08wijx7cs33ip6jla2rmmnpbmxjpy-texlive-2025-env-texmfdist/tex/gen
eric/pgf/frontendlayer/tikz/libraries/tikzlibrarytopaths.code.tex
File: tikzlibrarytopaths.code.tex 2023-01-15 v3.1.10 (3.1.10)
)))
(/nix/store/07r08wijx7cs33ip6jla2rmmnpbmxjpy-texlive-2025-env-texmfdist/tex/lat
ex/tools/verbatim.sty
Package: verbatim 2024-01-22 v1.5x LaTeX2e package for verbatim enhancements
\every@verbatim=\toks46
\verbatim@line=\toks47
\verbatim@in@stream=\read4
)
(/nix/store/07r08wijx7cs33ip6jla2rmmnpbmxjpy-texlive-2025-env-texmfdist/tex/lat
ex/environ/environ.sty
Package: environ 2014/05/04 v0.3 A new way to define environments

(/nix/store/07r08wijx7cs33ip6jla2rmmnpbmxjpy-texlive-2025-env-texmfdist/tex/lat
ex/trimspaces/trimspaces.sty
Package: trimspaces 2009/09/17 v1.1 Trim spaces around a token list
))
(/nix/store/07r08wijx7cs33ip6jla2rmmnpbmxjpy-texlive-2025-env-texmfdist/tex/lat
ex/etoolbox/etoolbox.sty
Package: etoolbox 2025/02/11 v2.5l e-TeX tools for LaTeX (JAW)
\etb@tempcnta=\count322
)
\tcb@titlebox=\box68
\tcb@upperbox=\box69
\tcb@lowerbox=\box70
\tcb@phantombox=\box71
\c@tcbbreakpart=\count323
\c@tcblayer=\count324
\c@tcolorbox@number=\count325
\l__tcobox_tmpa_box=\box72
\l__tcobox_tmpa_dim=\dimen279
\tcb@temp=\box73
\tcb@temp=\box74
\tcb@temp=\box75
\tcb@temp=\box76

(/nix/store/07r08wijx7cs33ip6jla2rmmnpbmxjpy-texlive-2025-env-texmfdist/tex/lat
ex/tcolorbox/tcbraster.code.tex
Library (tcolorbox): 'tcbraster.code.tex' version '6.6.0'
\c@tcbrastercolumn=\count326
\c@tcbrasterrow=\count327
\c@tcbrasternum=\count328
\c@tcbraster=\count329
)
(/nix/store/07r08wijx7cs33ip6jla2rmmnpbmxjpy-texlive-2025-env-texmfdist/tex/lat
ex/tcolorbox/tcbskins.code.tex
Library (tcolorbox): 'tcbskins.code.tex' version '6.6.0'

(/nix/store/07r08wijx7cs33ip6jla2rmmnpbmxjpy-texlive-2025-env-texmfdist/tex/lat
ex/tikzfill/tikzfill.image.sty
Package: tikzfill.image 2023/08/08 v1.0.1 Image filling library for TikZ

(/nix/store/07r08wijx7cs33ip6jla2rmmnpbmxjpy-texlive-2025-env-texmfdist/tex/lat
ex/tikzfill/tikzfill-common.sty
Package: tikzfill-common 2023/08/08 v1.0.1 Auxiliary code for tikzfill
)
(/nix/store/07r08wijx7cs33ip6jla2rmmnpbmxjpy-texlive-2025-env-texmfdist/tex/lat
ex/tikzfill/tikzlibraryfill.image.code.tex
File: tikzlibraryfill.image.code.tex 2023/08/08 v1.0.1 Image filling library
\l__tikzfill_img_box=\box77
))
(/nix/store/07r08wijx7cs33ip6jla2rmmnpbmxjpy-texlive-2025-env-texmfdist/tex/lat
ex/tcolorbox/tcbskinsjigsaw.code.tex
Library (tcolorbox): 'tcbskinsjigsaw.code.tex' version '6.6.0'
))
(/nix/store/07r08wijx7cs33ip6jla2rmmnpbmxjpy-texlive-2025-env-texmfdist/tex/lat
ex/tcolorbox/tcbbreakable.code.tex
Library (tcolorbox): 'tcbbreakable.code.tex' version '6.6.0'

(/nix/store/07r08wijx7cs33ip6jla2rmmnpbmxjpy-texlive-2025-env-texmfdist/tex/lat
ex/pdfcol/pdfcol.sty
Package: pdfcol 2022-09-21 v1.7 Handle new color stacks for pdfTeX (HO)

(/nix/store/07r08wijx7cs33ip6jla2rmmnpbmxjpy-texlive-2025-env-texmfdist/tex/gen
eric/ltxcmds/ltxcmds.sty
Package: ltxcmds 2023-12-04 v1.26 LaTeX kernel commands for general use (HO)
)
(/nix/store/07r08wijx7cs33ip6jla2rmmnpbmxjpy-texlive-2025-env-texmfdist/tex/gen
eric/infwarerr/infwarerr.sty
Package: infwarerr 2019/12/03 v1.5 Providing info/warning/error messages (HO)
))
Package pdfcol Info: New color stack `tcb@breakable' = 1 on input line 23.
\tcb@testbox=\box78
\tcb@totalupperbox=\box79
\tcb@totallowerbox=\box80
)
(/nix/store/07r08wijx7cs33ip6jla2rmmnpbmxjpy-texlive-2025-env-texmfdist/tex/lat
ex/tcolorbox/tcbhooks.code.tex
Library (tcolorbox): 'tcbhooks.code.tex' version '6.6.0'
)
(/nix/store/07r08wijx7cs33ip6jla2rmmnpbmxjpy-texlive-2025-env-texmfdist/tex/lat
ex/tcolorbox/tcbtheorems.code.tex
Library (tcolorbox): 'tcbtheorems.code.tex' version '6.6.0'
)
(/nix/store/07r08wijx7cs33ip6jla2rmmnpbmxjpy-texlive-2025-env-texmfdist/tex/lat
ex/tcolorbox/tcbfitting.code.tex
Library (tcolorbox): 'tcbfitting.code.tex' version '6.6.0'
\tcbfitdim=\dimen280
\tcb@lowerfitdim=\dimen281
\tcb@upperfitdim=\dimen282
\tcb@cur@hbadness=\count330
)
(/nix/store/07r08wijx7cs33ip6jla2rmmnpbmxjpy-texlive-2025-env-texmfdist/tex/lat
ex/tcolorbox/tcblistingsutf8.code.tex
Library (tcolorbox): 'tcblistingsutf8.code.tex' version '6.6.0'

(/nix/store/07r08wijx7cs33ip6jla2rmmnpbmxjpy-texlive-2025-env-texmfdist/tex/lat
ex/tcolorbox/tcblistings.code.tex
Library (tcolorbox): 'tcblistings.code.tex' version '6.6.0'

(/nix/store/07r08wijx7cs33ip6jla2rmmnpbmxjpy-texlive-2025-env-texmfdist/tex/lat
ex/listings/listings.sty
\lst@mode=\count331
\lst@gtempboxa=\box81
\lst@token=\toks48
\lst@length=\count332
\lst@currlwidth=\dimen283
\lst@column=\count333
\lst@pos=\count334
\lst@lostspace=\dimen284
\lst@width=\dimen285
\lst@newlines=\count335
\lst@lineno=\count336
\lst@maxwidth=\dimen286

(/nix/store/07r08wijx7cs33ip6jla2rmmnpbmxjpy-texlive-2025-env-texmfdist/tex/lat
ex/listings/lstpatch.sty
File: lstpatch.sty 2024/09/23 1.10c (Carsten Heinz)
)
(/nix/store/07r08wijx7cs33ip6jla2rmmnpbmxjpy-texlive-2025-env-texmfdist/tex/lat
ex/listings/lstmisc.sty
File: lstmisc.sty 2024/09/23 1.10c (Carsten Heinz)
\c@lstnumber=\count337
\lst@skipnumbers=\count338
\lst@framebox=\box82
)
(/nix/store/07r08wijx7cs33ip6jla2rmmnpbmxjpy-texlive-2025-env-texmfdist/tex/lat
ex/listings/listings.cfg
File: listings.cfg 2024/09/23 1.10c listings configuration
))
Package: listings 2024/09/23 1.10c (Carsten Heinz)

(/nix/store/07r08wijx7cs33ip6jla2rmmnpbmxjpy-texlive-2025-env-texmfdist/tex/lat
ex/tcolorbox/tcblistingscore.code.tex
Library (tcolorbox): 'tcblistingscore.code.tex' version '6.6.0'

(/nix/store/07r08wijx7cs33ip6jla2rmmnpbmxjpy-texlive-2025-env-texmfdist/tex/lat
ex/tcolorbox/tcbprocessing.code.tex
Library (tcolorbox): 'tcbprocessing.code.tex' version '6.6.0'
)
\c@tcblisting=\count339
))
(/nix/store/07r08wijx7cs33ip6jla2rmmnpbmxjpy-texlive-2025-env-texmfdist/tex/lat
ex/listingsutf8/listingsutf8.sty
Package: listingsutf8 2019-12-10 v1.5 Allow UTF-8 in listings input (HO)

(/nix/store/07r08wijx7cs33ip6jla2rmmnpbmxjpy-texlive-2025-env-texmfdist/tex/gen
eric/pdftexcmds/pdftexcmds.sty
Package: pdftexcmds 2020-06-27 v0.33 Utility functions of pdfTeX for LuaTeX (HO
)
Package pdftexcmds Info: \pdf@primitive is available.
Package pdftexcmds Info: \pdf@ifprimitive is available.
Package pdftexcmds Info: \pdfdraftmode found.
)
(/nix/store/07r08wijx7cs33ip6jla2rmmnpbmxjpy-texlive-2025-env-texmfdist/tex/gen
eric/stringenc/stringenc.sty
Package: stringenc 2019/11/29 v1.12 Convert strings between diff. encodings (HO
)

(/nix/store/07r08wijx7cs33ip6jla2rmmnpbmxjpy-texlive-2025-env-texmfdist/tex/gen
eric/pdfescape/pdfescape.sty
Package: pdfescape 2019/12/09 v1.15 Implements pdfTeX's escape features (HO)
))))
(/nix/store/07r08wijx7cs33ip6jla2rmmnpbmxjpy-texlive-2025-env-texmfdist/tex/lat
ex/tcolorbox/tcbexternal.code.tex
Library (tcolorbox): 'tcbexternal.code.tex' version '6.6.0'
)
(/nix/store/07r08wijx7cs33ip6jla2rmmnpbmxjpy-texlive-2025-env-texmfdist/tex/lat
ex/tcolorbox/tcbmagazine.code.tex
Library (tcolorbox): 'tcbmagazine.code.tex' version '6.6.0'
)
(/nix/store/07r08wijx7cs33ip6jla2rmmnpbmxjpy-texlive-2025-env-texmfdist/tex/lat
ex/tcolorbox/tcbvignette.code.tex
Library (tcolorbox): 'tcbvignette.code.tex' version '6.6.0'

(/nix/store/07r08wijx7cs33ip6jla2rmmnpbmxjpy-texlive-2025-env-texmfdist/tex/gen
eric/pgf/frontendlayer/tikz/libraries/tikzlibraryfadings.code.tex
File: tikzlibraryfadings.code.tex 2023-01-15 v3.1.10 (3.1.10)

(/nix/store/07r08wijx7cs33ip6jla2rmmnpbmxjpy-texlive-2025-env-texmfdist/tex/gen
eric/pgf/libraries/pgflibraryfadings.code.tex
File: pgflibraryfadings.code.tex 2023-01-15 v3.1.10 (3.1.10)
)))
(/nix/store/07r08wijx7cs33ip6jla2rmmnpbmxjpy-texlive-2025-env-texmfdist/tex/lat
ex/tcolorbox/tcbposter.code.tex
Library (tcolorbox): 'tcbposter.code.tex' version '6.6.0'
))
(/nix/store/07r08wijx7cs33ip6jla2rmmnpbmxjpy-texlive-2025-env-texmfdist/tex/lat
ex/thmtools/thmtools.sty
Package: thmtools 2023/05/04 v0.76
\thmt@toks=\toks49
\c@thmt@dummyctr=\count340

(/nix/store/07r08wijx7cs33ip6jla2rmmnpbmxjpy-texlive-2025-env-texmfdist/tex/lat
ex/thmtools/thm-patch.sty
Package: thm-patch 2023/05/04 v0.76

(/nix/store/07r08wijx7cs33ip6jla2rmmnpbmxjpy-texlive-2025-env-texmfdist/tex/lat
ex/thmtools/parseargs.sty
Package: parseargs 2023/05/04 v0.76
\@parsespec=\toks50
))
(/nix/store/07r08wijx7cs33ip6jla2rmmnpbmxjpy-texlive-2025-env-texmfdist/tex/lat
ex/thmtools/thm-kv.sty
Package: thm-kv 2023/05/04 v0.76
Package thm-kv Info: Theorem names will be uppercased on input line 42.

(/nix/store/07r08wijx7cs33ip6jla2rmmnpbmxjpy-texlive-2025-env-texmfdist/tex/lat
ex/kvsetkeys/kvsetkeys.sty
Package: kvsetkeys 2022-10-05 v1.19 Key value parser (HO)
)
Package thm-kv Info: kvsetkeys patch (v1.16 or later) on input line 158.
)
(/nix/store/07r08wijx7cs33ip6jla2rmmnpbmxjpy-texlive-2025-env-texmfdist/tex/lat
ex/thmtools/thm-autoref.sty
Package: thm-autoref 2023/05/04 v0.76

(/nix/store/07r08wijx7cs33ip6jla2rmmnpbmxjpy-texlive-2025-env-texmfdist/tex/lat
ex/thmtools/aliasctr.sty
Package: aliasctr 2023/05/04 v0.76
))
(/nix/store/07r08wijx7cs33ip6jla2rmmnpbmxjpy-texlive-2025-env-texmfdist/tex/lat
ex/thmtools/thm-listof.sty
Package: thm-listof 2023/05/04 v0.76
)
(/nix/store/07r08wijx7cs33ip6jla2rmmnpbmxjpy-texlive-2025-env-texmfdist/tex/lat
ex/thmtools/thm-restate.sty
Package: thm-restate 2023/05/04 v0.76
)
(/nix/store/07r08wijx7cs33ip6jla2rmmnpbmxjpy-texlive-2025-env-texmfdist/tex/lat
ex/thmtools/thm-amsthm.sty
Package: thm-amsthm 2023/05/04 v0.76
\thmt@style@headstyle=\toks51
))
(/nix/store/07r08wijx7cs33ip6jla2rmmnpbmxjpy-texlive-2025-env-texmfdist/tex/lat
ex/apacite/apacite.sty
Package: apacite 2013/07/21 v6.03 APA citation
\c@BibCnt=\count341
\bibleftmargin=\skip58
\bibindent=\skip59
\bibparsep=\skip60
\bibitemsep=\skip61
\biblabelsep=\skip62
)
(/nix/store/07r08wijx7cs33ip6jla2rmmnpbmxjpy-texlive-2025-env-texmfdist/tex/lat
ex/tools/indentfirst.sty
Package: indentfirst 2023/07/02 v1.03 Indent first paragraph (DPC)
)
(/nix/store/07r08wijx7cs33ip6jla2rmmnpbmxjpy-texlive-2025-env-texmfdist/tex/gen
eric/chemfig/chemfig.sty
(/nix/store/07r08wijx7cs33ip6jla2rmmnpbmxjpy-texlive-2025-env-texmfdist/tex/gen
eric/chemfig/chemfig.tex
(/nix/store/07r08wijx7cs33ip6jla2rmmnpbmxjpy-texlive-2025-env-texmfdist/tex/gen
eric/simplekv/simplekv.tex
Package: simplekv 2025/06/15 v0.32 Simple keyval package (CT)
)
(/nix/store/07r08wijx7cs33ip6jla2rmmnpbmxjpy-texlive-2025-env-texmfdist/tex/gen
eric/pgf/libraries/pgflibraryarrows.meta.code.tex
File: pgflibraryarrows.meta.code.tex 2023-01-15 v3.1.10 (3.1.10)
\pgfarrowinset=\dimen287
\pgfarrowlength=\dimen288
\pgfarrowwidth=\dimen289
\pgfarrowlinewidth=\dimen290
)
\CF_cnt_atomgroup=\count342
\CF_cnt_group=\count343
\CF_cnt_atom=\count344
\CF_cnt_cycle=\count345
\CF_cnt_cyclebonds=\count346
\CF_cnt_compound=\count347
\CF_dim=\dimen291
\CF_turnangle=\dimen292
\CF_arrowsize=\dimen293
\CF_zero=\dimen294
\CF_box=\box83
\CF_boxstuff=\box84
\CF_testbox=\box85
\CF_chargebox=\box86
\CF_substtoks=\toks52
)
Package: chemfig 2023/12/28 v1.66 Draw molecule with an easy syntax (CT)
)
(/nix/store/07r08wijx7cs33ip6jla2rmmnpbmxjpy-texlive-2025-env-texmfdist/tex/lat
ex/pgfplots/pgfplots.sty
(/nix/store/07r08wijx7cs33ip6jla2rmmnpbmxjpy-texlive-2025-env-texmfdist/tex/gen
eric/pgfplots/pgfplots.revision.tex)
Package: pgfplots 2021/05/15 v1.18.1 Data Visualization (1.18.1)

(/nix/store/07r08wijx7cs33ip6jla2rmmnpbmxjpy-texlive-2025-env-texmfdist/tex/gen
eric/pgfplots/pgfplots.code.tex
(/nix/store/07r08wijx7cs33ip6jla2rmmnpbmxjpy-texlive-2025-env-texmfdist/tex/gen
eric/pgfplots/pgfplotscore.code.tex
\t@pgfplots@toka=\toks53
\t@pgfplots@tokb=\toks54
\t@pgfplots@tokc=\toks55
\pgfplots@tmpa=\dimen295
\c@pgfplots@coordindex=\count348
\c@pgfplots@scanlineindex=\count349

(/nix/store/07r08wijx7cs33ip6jla2rmmnpbmxjpy-texlive-2025-env-texmfdist/tex/gen
eric/pgfplots/sys/pgfplotssysgeneric.code.tex))
(/nix/store/07r08wijx7cs33ip6jla2rmmnpbmxjpy-texlive-2025-env-texmfdist/tex/gen
eric/pgfplots/libs/pgfplotslibrary.code.tex)
(/nix/store/07r08wijx7cs33ip6jla2rmmnpbmxjpy-texlive-2025-env-texmfdist/tex/gen
eric/pgfplots/oldpgfcompatib/pgfplotsoldpgfsupp_loader.code.tex
(/nix/store/07r08wijx7cs33ip6jla2rmmnpbmxjpy-texlive-2025-env-texmfdist/tex/gen
eric/pgf/libraries/pgflibraryfpu.code.tex)
Package pgfplots: loading complementary utilities for your pgf version...
\t@pgf@toka=\toks56
\t@pgf@tokb=\toks57
\t@pgf@tokc=\toks58

(/nix/store/07r08wijx7cs33ip6jla2rmmnpbmxjpy-texlive-2025-env-texmfdist/tex/gen
eric/pgfplots/oldpgfcompatib/pgfplotsoldpgfsupp_pgfutil-common-lists.tex))
(/nix/store/07r08wijx7cs33ip6jla2rmmnpbmxjpy-texlive-2025-env-texmfdist/tex/gen
eric/pgfplots/util/pgfplotsutil.code.tex
(/nix/store/07r08wijx7cs33ip6jla2rmmnpbmxjpy-texlive-2025-env-texmfdist/tex/gen
eric/pgfplots/liststructure/pgfplotsliststructure.code.tex)
(/nix/store/07r08wijx7cs33ip6jla2rmmnpbmxjpy-texlive-2025-env-texmfdist/tex/gen
eric/pgfplots/liststructure/pgfplotsliststructureext.code.tex)
(/nix/store/07r08wijx7cs33ip6jla2rmmnpbmxjpy-texlive-2025-env-texmfdist/tex/gen
eric/pgfplots/liststructure/pgfplotsarray.code.tex
\c@pgfplotsarray@tmp=\count350
)
(/nix/store/07r08wijx7cs33ip6jla2rmmnpbmxjpy-texlive-2025-env-texmfdist/tex/gen
eric/pgfplots/liststructure/pgfplotsmatrix.code.tex)
(/nix/store/07r08wijx7cs33ip6jla2rmmnpbmxjpy-texlive-2025-env-texmfdist/tex/gen
eric/pgfplots/numtable/pgfplotstableshared.code.tex
\c@pgfplotstable@counta=\count351
\t@pgfplotstable@a=\toks59
)
(/nix/store/07r08wijx7cs33ip6jla2rmmnpbmxjpy-texlive-2025-env-texmfdist/tex/gen
eric/pgfplots/liststructure/pgfplotsdeque.code.tex)
(/nix/store/07r08wijx7cs33ip6jla2rmmnpbmxjpy-texlive-2025-env-texmfdist/tex/gen
eric/pgfplots/util/pgfplotsbinary.code.tex
(/nix/store/07r08wijx7cs33ip6jla2rmmnpbmxjpy-texlive-2025-env-texmfdist/tex/gen
eric/pgfplots/util/pgfplotsbinary.data.code.tex))
(/nix/store/07r08wijx7cs33ip6jla2rmmnpbmxjpy-texlive-2025-env-texmfdist/tex/gen
eric/pgfplots/util/pgfplotsutil.verb.code.tex)
(/nix/store/07r08wijx7cs33ip6jla2rmmnpbmxjpy-texlive-2025-env-texmfdist/tex/gen
eric/pgfplots/libs/pgflibrarypgfplots.surfshading.code.tex
\c@pgfplotslibrarysurf@no=\count352

(/nix/store/07r08wijx7cs33ip6jla2rmmnpbmxjpy-texlive-2025-env-texmfdist/tex/gen
eric/pgfplots/sys/pgflibrarypgfplots.surfshading.pgfsys-pdftex.def)))
(/nix/store/07r08wijx7cs33ip6jla2rmmnpbmxjpy-texlive-2025-env-texmfdist/tex/gen
eric/pgfplots/util/pgfplotscolormap.code.tex
(/nix/store/07r08wijx7cs33ip6jla2rmmnpbmxjpy-texlive-2025-env-texmfdist/tex/gen
eric/pgfplots/util/pgfplotscolor.code.tex))
(/nix/store/07r08wijx7cs33ip6jla2rmmnpbmxjpy-texlive-2025-env-texmfdist/tex/gen
eric/pgfplots/pgfplotsstackedplots.code.tex)
(/nix/store/07r08wijx7cs33ip6jla2rmmnpbmxjpy-texlive-2025-env-texmfdist/tex/gen
eric/pgfplots/pgfplotsplothandlers.code.tex
(/nix/store/07r08wijx7cs33ip6jla2rmmnpbmxjpy-texlive-2025-env-texmfdist/tex/gen
eric/pgfplots/pgfplotsmeshplothandler.code.tex
(/nix/store/07r08wijx7cs33ip6jla2rmmnpbmxjpy-texlive-2025-env-texmfdist/tex/gen
eric/pgfplots/pgfplotsmeshplotimage.code.tex)))
(/nix/store/07r08wijx7cs33ip6jla2rmmnpbmxjpy-texlive-2025-env-texmfdist/tex/gen
eric/pgfplots/pgfplots.scaling.code.tex)
(/nix/store/07r08wijx7cs33ip6jla2rmmnpbmxjpy-texlive-2025-env-texmfdist/tex/gen
eric/pgfplots/pgfplotscoordprocessing.code.tex)
(/nix/store/07r08wijx7cs33ip6jla2rmmnpbmxjpy-texlive-2025-env-texmfdist/tex/gen
eric/pgfplots/pgfplots.errorbars.code.tex)
(/nix/store/07r08wijx7cs33ip6jla2rmmnpbmxjpy-texlive-2025-env-texmfdist/tex/gen
eric/pgfplots/pgfplots.markers.code.tex)
(/nix/store/07r08wijx7cs33ip6jla2rmmnpbmxjpy-texlive-2025-env-texmfdist/tex/gen
eric/pgfplots/pgfplotsticks.code.tex)
(/nix/store/07r08wijx7cs33ip6jla2rmmnpbmxjpy-texlive-2025-env-texmfdist/tex/gen
eric/pgfplots/pgfplots.paths.code.tex)
(/nix/store/07r08wijx7cs33ip6jla2rmmnpbmxjpy-texlive-2025-env-texmfdist/tex/gen
eric/pgf/frontendlayer/tikz/libraries/tikzlibrarydecorations.code.tex
(/nix/store/07r08wijx7cs33ip6jla2rmmnpbmxjpy-texlive-2025-env-texmfdist/tex/gen
eric/pgf/modules/pgfmoduledecorations.code.tex
\pgfdecoratedcompleteddistance=\dimen296
\pgfdecoratedremainingdistance=\dimen297
\pgfdecoratedinputsegmentcompleteddistance=\dimen298
\pgfdecoratedinputsegmentremainingdistance=\dimen299
\pgf@decorate@distancetomove=\dimen300
\pgf@decorate@repeatstate=\count353
\pgfdecorationsegmentamplitude=\dimen301
\pgfdecorationsegmentlength=\dimen302
)
\tikz@lib@dec@box=\box87
)
(/nix/store/07r08wijx7cs33ip6jla2rmmnpbmxjpy-texlive-2025-env-texmfdist/tex/gen
eric/pgf/frontendlayer/tikz/libraries/tikzlibrarydecorations.pathmorphing.code.
tex
(/nix/store/07r08wijx7cs33ip6jla2rmmnpbmxjpy-texlive-2025-env-texmfdist/tex/gen
eric/pgf/libraries/decorations/pgflibrarydecorations.pathmorphing.code.tex))
(/nix/store/07r08wijx7cs33ip6jla2rmmnpbmxjpy-texlive-2025-env-texmfdist/tex/gen
eric/pgf/frontendlayer/tikz/libraries/tikzlibrarydecorations.pathreplacing.code
.tex
(/nix/store/07r08wijx7cs33ip6jla2rmmnpbmxjpy-texlive-2025-env-texmfdist/tex/gen
eric/pgf/libraries/decorations/pgflibrarydecorations.pathreplacing.code.tex))
(/nix/store/07r08wijx7cs33ip6jla2rmmnpbmxjpy-texlive-2025-env-texmfdist/tex/gen
eric/pgfplots/libs/tikzlibrarypgfplots.contourlua.code.tex)
\pgfplots@numplots=\count354
\pgfplots@xmin@reg=\dimen303
\pgfplots@xmax@reg=\dimen304
\pgfplots@ymin@reg=\dimen305
\pgfplots@ymax@reg=\dimen306
\pgfplots@zmin@reg=\dimen307
\pgfplots@zmax@reg=\dimen308
)
(/nix/store/07r08wijx7cs33ip6jla2rmmnpbmxjpy-texlive-2025-env-texmfdist/tex/gen
eric/pgf/frontendlayer/tikz/libraries/tikzlibraryplotmarks.code.tex
File: tikzlibraryplotmarks.code.tex 2023-01-15 v3.1.10 (3.1.10)

(/nix/store/07r08wijx7cs33ip6jla2rmmnpbmxjpy-texlive-2025-env-texmfdist/tex/gen
eric/pgf/libraries/pgflibraryplotmarks.code.tex
File: pgflibraryplotmarks.code.tex 2023-01-15 v3.1.10 (3.1.10)
)))
(/nix/store/07r08wijx7cs33ip6jla2rmmnpbmxjpy-texlive-2025-env-texmfdist/tex/lat
ex/mhchem/mhchem.sty
Package: mhchem 2024/01/29 v4.10 for typesetting chemical formulae

(/nix/store/07r08wijx7cs33ip6jla2rmmnpbmxjpy-texlive-2025-env-texmfdist/tex/lat
ex/l3kernel/expl3.sty
Package: expl3 2025-06-09 L3 programming layer (loader) 

(/nix/store/07r08wijx7cs33ip6jla2rmmnpbmxjpy-texlive-2025-env-texmfdist/tex/lat
ex/l3backend/l3backend-pdftex.def
File: l3backend-pdftex.def 2025-06-09 L3 backend support: PDF output (pdfTeX)
\l__color_backend_stack_int=\count355
))
(/nix/store/07r08wijx7cs33ip6jla2rmmnpbmxjpy-texlive-2025-env-texmfdist/tex/lat
ex/l3packages/l3keys2e/l3keys2e.sty
Package: l3keys2e 2024-08-16 LaTeX2e option processing using LaTeX3 keys
)
(/nix/store/07r08wijx7cs33ip6jla2rmmnpbmxjpy-texlive-2025-env-texmfdist/tex/lat
ex/tools/calc.sty
Package: calc 2025/03/01 v4.3b Infix arithmetic (KKT,FJ)
\calc@Acount=\count356
\calc@Bcount=\count357
\calc@Adimen=\dimen309
\calc@Bdimen=\dimen310
\calc@Askip=\skip63
\calc@Bskip=\skip64
LaTeX Info: Redefining \setlength on input line 86.
LaTeX Info: Redefining \addtolength on input line 87.
\calc@Ccount=\count358
\calc@Cskip=\skip65
)
(/nix/store/07r08wijx7cs33ip6jla2rmmnpbmxjpy-texlive-2025-env-texmfdist/tex/lat
ex/chemgreek/chemgreek.sty
(/nix/store/07r08wijx7cs33ip6jla2rmmnpbmxjpy-texlive-2025-env-texmfdist/tex/lat
ex/l3packages/xparse/xparse.sty
Package: xparse 2024-08-16 L3 Experimental document command parser
)
Package: chemgreek 2020/01/16 v1.1a interface for upright Greek letters for use
 in chemistry (CN)
\l__chemgreek_tmpa_int=\count359
\g__chemgreek_tmpa_int=\count360
)
\l__mhchem_ce_distanceFromLastComma_int=\count361
\__mhchem_arrow_extPgfLength_skip=\skip66
\mhchem@minispace@tmp=\skip67
\mhchem@minibackspace@tmp=\skip68
\mhchem@bondwidth=\skip69
\mhchem@bondheight=\skip70
\mhchem@smallbondwidth@tmpA=\skip71
\mhchem@smallbondwidth@tmpB=\skip72
\mhchem@smallbondwidth=\skip73
\mhchem@bondtmp@minussidebearingleft=\skip74
\mhchem@bondtmp@minussidebearingright=\skip75
\l__mhchem_option_version_int=\count362
\mhchem@option@minusmathsidebearingleft=\dimen311
\mhchem@option@minusmathsidebearingright=\dimen312
\mhchem@option@minustextsidebearingleft=\dimen313
\mhchem@option@minustextsidebearingright=\dimen314
)
(/nix/store/07r08wijx7cs33ip6jla2rmmnpbmxjpy-texlive-2025-env-texmfdist/tex/lat
ex/fancyhdr/fancyhdr.sty
Package: fancyhdr 2025/02/07 v5.2 Extensive control of page headers and footers

\f@nch@headwidth=\skip76
\f@nch@offset@elh=\skip77
\f@nch@offset@erh=\skip78
\f@nch@offset@olh=\skip79
\f@nch@offset@orh=\skip80
\f@nch@offset@elf=\skip81
\f@nch@offset@erf=\skip82
\f@nch@offset@olf=\skip83
\f@nch@offset@orf=\skip84
\f@nch@height=\skip85
\f@nch@footalignment=\skip86
\f@nch@widthL=\skip87
\f@nch@widthC=\skip88
\f@nch@widthR=\skip89
\@temptokenb=\toks60
)
(/nix/store/07r08wijx7cs33ip6jla2rmmnpbmxjpy-texlive-2025-env-texmfdist/tex/lat
ex/titlesec/titlesec.sty
Package: titlesec 2025/01/04 v2.17 Sectioning titles
\ttl@box=\box88
\beforetitleunit=\skip90
\aftertitleunit=\skip91
\ttl@plus=\dimen315
\ttl@minus=\dimen316
\ttl@toksa=\toks61
\titlewidth=\dimen317
\titlewidthlast=\dimen318
\titlewidthfirst=\dimen319
)
(/nix/store/07r08wijx7cs33ip6jla2rmmnpbmxjpy-texlive-2025-env-texmfdist/tex/lat
ex/xpatch/xpatch.sty
Package: xpatch 2020/03/25 v0.3a Extending etoolbox patching commands
)
(/nix/store/07r08wijx7cs33ip6jla2rmmnpbmxjpy-texlive-2025-env-texmfdist/tex/lat
ex/blindtext/blindtext.sty
Package: blindtext 2012/01/06 V2.0 blindtext-Package

(/nix/store/07r08wijx7cs33ip6jla2rmmnpbmxjpy-texlive-2025-env-texmfdist/tex/lat
ex/tools/xspace.sty
Package: xspace 2014/10/28 v1.13 Space after command names (DPC,MH)
)
\c@blindtext=\count363
\c@Blindtext=\count364
\c@blind@countparstart=\count365
\blind@countxx=\count366
\blindtext@numBlindtext=\count367
\blind@countyy=\count368
\c@blindlist=\count369
\c@blindlistlevel=\count370
\c@blindlist@level=\count371
\blind@listitem=\count372
\c@blind@listcount=\count373
\c@blind@levelcount=\count374
\blind@mathformula=\count375
\blind@Mathformula=\count376
\c@blind@randomcount=\count377
\c@blind@randommax=\count378
\c@blind@pangramcount=\count379
\c@blind@pangrammax=\count380
)
(/nix/store/07r08wijx7cs33ip6jla2rmmnpbmxjpy-texlive-2025-env-texmfdist/tex/lat
ex/hyperref/hyperref.sty
Package: hyperref 2025-06-21 v7.01n Hypertext links for LaTeX

(/nix/store/07r08wijx7cs33ip6jla2rmmnpbmxjpy-texlive-2025-env-texmfdist/tex/gen
eric/kvdefinekeys/kvdefinekeys.sty
Package: kvdefinekeys 2019-12-19 v1.6 Define keys (HO)
)
(/nix/store/07r08wijx7cs33ip6jla2rmmnpbmxjpy-texlive-2025-env-texmfdist/tex/lat
ex/hycolor/hycolor.sty
Package: hycolor 2020-01-27 v1.10 Color options for hyperref/bookmark (HO)
)
(/nix/store/07r08wijx7cs33ip6jla2rmmnpbmxjpy-texlive-2025-env-texmfdist/tex/lat
ex/hyperref/nameref.sty
Package: nameref 2025-06-21 v2.57 Cross-referencing by name of section

(/nix/store/07r08wijx7cs33ip6jla2rmmnpbmxjpy-texlive-2025-env-texmfdist/tex/lat
ex/refcount/refcount.sty
Package: refcount 2019/12/15 v3.6 Data extraction from label references (HO)
)
(/nix/store/07r08wijx7cs33ip6jla2rmmnpbmxjpy-texlive-2025-env-texmfdist/tex/gen
eric/gettitlestring/gettitlestring.sty
Package: gettitlestring 2019/12/15 v1.6 Cleanup title references (HO)

(/nix/store/07r08wijx7cs33ip6jla2rmmnpbmxjpy-texlive-2025-env-texmfdist/tex/lat
ex/kvoptions/kvoptions.sty
Package: kvoptions 2022-06-15 v3.15 Key value format for package options (HO)
))
\c@section@level=\count381
)
\@linkdim=\dimen320
\Hy@linkcounter=\count382
\Hy@pagecounter=\count383

(/nix/store/07r08wijx7cs33ip6jla2rmmnpbmxjpy-texlive-2025-env-texmfdist/tex/lat
ex/hyperref/pd1enc.def
File: pd1enc.def 2025-06-21 v7.01n Hyperref: PDFDocEncoding definition (HO)
Now handling font encoding PD1 ...
... no UTF-8 mapping file for font encoding PD1
)
(/nix/store/07r08wijx7cs33ip6jla2rmmnpbmxjpy-texlive-2025-env-texmfdist/tex/gen
eric/intcalc/intcalc.sty
Package: intcalc 2019/12/15 v1.3 Expandable calculations with integers (HO)
)
\Hy@SavedSpaceFactor=\count384

(/nix/store/07r08wijx7cs33ip6jla2rmmnpbmxjpy-texlive-2025-env-texmfdist/tex/lat
ex/hyperref/puenc.def
File: puenc.def 2025-06-21 v7.01n Hyperref: PDF Unicode definition (HO)
Now handling font encoding PU ...
... no UTF-8 mapping file for font encoding PU
)
Package hyperref Info: Hyper figures OFF on input line 4181.
Package hyperref Info: Link nesting OFF on input line 4186.
Package hyperref Info: Hyper index ON on input line 4189.
Package hyperref Info: Plain pages OFF on input line 4196.
Package hyperref Info: Backreferencing OFF on input line 4201.
Package hyperref Info: Implicit mode ON; LaTeX internals redefined.
Package hyperref Info: Bookmarks ON on input line 4448.
\c@Hy@tempcnt=\count385

(/nix/store/07r08wijx7cs33ip6jla2rmmnpbmxjpy-texlive-2025-env-texmfdist/tex/lat
ex/url/url.sty
\Urlmuskip=\muskip18
Package: url 2013/09/16  ver 3.4  Verb mode for urls, etc.
)
LaTeX Info: Redefining \url on input line 4787.
\XeTeXLinkMargin=\dimen321

(/nix/store/07r08wijx7cs33ip6jla2rmmnpbmxjpy-texlive-2025-env-texmfdist/tex/gen
eric/bitset/bitset.sty
Package: bitset 2019/12/09 v1.3 Handle bit-vector datatype (HO)

(/nix/store/07r08wijx7cs33ip6jla2rmmnpbmxjpy-texlive-2025-env-texmfdist/tex/gen
eric/bigintcalc/bigintcalc.sty
Package: bigintcalc 2019/12/15 v1.5 Expandable calculations on big integers (HO
)
))
\Fld@menulength=\count386
\Field@Width=\dimen322
\Fld@charsize=\dimen323
Package hyperref Info: Hyper figures OFF on input line 6066.
Package hyperref Info: Link nesting OFF on input line 6071.
Package hyperref Info: Hyper index ON on input line 6074.
Package hyperref Info: backreferencing OFF on input line 6081.
Package hyperref Info: Link coloring OFF on input line 6086.
Package hyperref Info: Link coloring with OCG OFF on input line 6091.
Package hyperref Info: PDF/A mode OFF on input line 6096.
\Hy@abspage=\count387
\c@Item=\count388
\c@Hfootnote=\count389
)
Package hyperref Info: Driver (autodetected): hpdftex.

(/nix/store/07r08wijx7cs33ip6jla2rmmnpbmxjpy-texlive-2025-env-texmfdist/tex/lat
ex/hyperref/hpdftex.def
File: hpdftex.def 2025-06-21 v7.01n Hyperref driver for pdfTeX
\Fld@listcount=\count390
\c@bookmark@seq@number=\count391

(/nix/store/07r08wijx7cs33ip6jla2rmmnpbmxjpy-texlive-2025-env-texmfdist/tex/lat
ex/rerunfilecheck/rerunfilecheck.sty
Package: rerunfilecheck 2025-06-21 v1.11 Rerun checks for auxiliary files (HO)

(/nix/store/07r08wijx7cs33ip6jla2rmmnpbmxjpy-texlive-2025-env-texmfdist/tex/gen
eric/uniquecounter/uniquecounter.sty
Package: uniquecounter 2019/12/15 v1.4 Provide unlimited unique counter (HO)
)
Package uniquecounter Info: New unique counter `rerunfilecheck' on input line 2
84.
)
\Hy@SectionHShift=\skip92
)
(/nix/store/07r08wijx7cs33ip6jla2rmmnpbmxjpy-texlive-2025-env-texmfdist/tex/lat
ex/mathtools/empheq.sty
Package: empheq 2024/08/09 v2.17 Emphasizing equations

(/nix/store/07r08wijx7cs33ip6jla2rmmnpbmxjpy-texlive-2025-env-texmfdist/tex/lat
ex/mathtools/mhsetup.sty
Package: mhsetup 2021/03/18 v1.4 programming setup (MH)
)
(/nix/store/07r08wijx7cs33ip6jla2rmmnpbmxjpy-texlive-2025-env-texmfdist/tex/lat
ex/mathtools/mathtools.sty
Package: mathtools 2024/10/04 v1.31 mathematical typesetting tools
\g_MT_multlinerow_int=\count392
\l_MT_multwidth_dim=\dimen324
\origjot=\skip93
\l_MT_shortvdotswithinadjustabove_dim=\dimen325
\l_MT_shortvdotswithinadjustbelow_dim=\dimen326
\l_MT_above_intertext_sep=\dimen327
\l_MT_below_intertext_sep=\dimen328
\l_MT_above_shortintertext_sep=\dimen329
\l_MT_below_shortintertext_sep=\dimen330
\xmathstrut@box=\box89
\xmathstrut@dim=\dimen331
)
\l_EQ_equationtype_int=\count393
\l_EQ_alignmentmode_int=\count394
\l_EQ_totalwidth_dim=\dimen332
\l_EQ_displaywidth_dim=\dimen333
\l_EQ_temp_linewidth_dim=\dimen334
\l_EQ_linewidth_dim=\dimen335
\EmphEqdelimitershortfall=\dimen336
\EmphEqdelimiterfactor=\count395
\g_EQ_toptag_height_dim=\dimen337
\g_EQ_bottomtag_depth_dim=\dimen338
\g_EQ_toprow_height_dim=\dimen339
\g_EQ_bottomrow_depth_dim=\dimen340
\g_EQ_widesttag_dim=\dimen341
\EQ_mathdisplay_box=\box90
\EQ_tag_box=\box91
\g_EQ_temprow_int=\count396
) (./document.aux)
\openout1 = `document.aux'.

LaTeX Font Info:    Checking defaults for OML/cmm/m/it on input line 77.
LaTeX Font Info:    ... okay on input line 77.
LaTeX Font Info:    Checking defaults for OMS/cmsy/m/n on input line 77.
LaTeX Font Info:    ... okay on input line 77.
LaTeX Font Info:    Checking defaults for OT1/cmr/m/n on input line 77.
LaTeX Font Info:    ... okay on input line 77.
LaTeX Font Info:    Checking defaults for T1/cmr/m/n on input line 77.
LaTeX Font Info:    ... okay on input line 77.
LaTeX Font Info:    Checking defaults for TS1/cmr/m/n on input line 77.
LaTeX Font Info:    ... okay on input line 77.
LaTeX Font Info:    Checking defaults for OMX/cmex/m/n on input line 77.
LaTeX Font Info:    ... okay on input line 77.
LaTeX Font Info:    Checking defaults for U/cmr/m/n on input line 77.
LaTeX Font Info:    ... okay on input line 77.
LaTeX Font Info:    Checking defaults for PD1/pdf/m/n on input line 77.
LaTeX Font Info:    ... okay on input line 77.
LaTeX Font Info:    Checking defaults for PU/pdf/m/n on input line 77.
LaTeX Font Info:    ... okay on input line 77.

(/nix/store/07r08wijx7cs33ip6jla2rmmnpbmxjpy-texlive-2025-env-texmfdist/tex/con
text/base/mkii/supp-pdf.mkii
[Loading MPS to PDF converter (version 2006.09.02).]
\scratchcounter=\count397
\scratchdimen=\dimen342
\scratchbox=\box92
\nofMPsegments=\count398
\nofMParguments=\count399
\everyMPshowfont=\toks62
\MPscratchCnt=\count400
\MPscratchDim=\dimen343
\MPnumerator=\count401
\makeMPintoPDFobject=\count402
\everyMPtoPDFconversion=\toks63
)
(/nix/store/07r08wijx7cs33ip6jla2rmmnpbmxjpy-texlive-2025-env-texmfdist/tex/lat
ex/epstopdf-pkg/epstopdf-base.sty
Package: epstopdf-base 2020-01-24 v2.11 Base part for package epstopdf
Package epstopdf-base Info: Redefining graphics rule for `.eps' on input line 4
85.

(/nix/store/07r08wijx7cs33ip6jla2rmmnpbmxjpy-texlive-2025-env-texmfdist/tex/lat
ex/latexconfig/epstopdf-sys.cfg
File: epstopdf-sys.cfg 2010/07/13 v1.3 Configuration of (r)epstopdf for TeX Liv
e
))
*geometry* driver: auto-detecting
*geometry* detected driver: pdftex
*geometry* verbose mode - [ preamble ] result:
* driver: pdftex
* paper: a4paper
* layout: <same size as paper>
* layoutoffset:(h,v)=(0.0pt,0.0pt)
* modes: 
* h-part:(L,W,R)=(72.26999pt, 452.9679pt, 72.26999pt)
* v-part:(T,H,B)=(72.26999pt, 700.50687pt, 72.26999pt)
* \paperwidth=597.50787pt
* \paperheight=845.04684pt
* \textwidth=452.9679pt
* \textheight=700.50687pt
* \oddsidemargin=0.0pt
* \evensidemargin=0.0pt
* \topmargin=-37.0pt
* \headheight=12.0pt
* \headsep=25.0pt
* \topskip=12.0pt
* \footskip=30.0pt
* \marginparwidth=35.0pt
* \marginparsep=10.0pt
* \columnsep=10.0pt
* \skip\footins=10.8pt plus 4.0pt minus 2.0pt
* \hoffset=0.0pt
* \voffset=0.0pt
* \mag=1000
* \@twocolumnfalse
* \@twosidefalse
* \@mparswitchfalse
* \@reversemarginfalse
* (1in=72.27pt=25.4mm, 1cm=28.453pt)

\c@lstlisting=\count403
\c@maskedRefs=\count404

(/nix/store/07r08wijx7cs33ip6jla2rmmnpbmxjpy-texlive-2025-env-texmfdist/tex/lat
ex/apacite/english.apc
File: english.apc 2013/07/21 v6.03 apacite language file
LaTeX Info: Redefining \BPBI on input line 129.
LaTeX Info: Redefining \BHBI on input line 130.
)
Package pgfplots notification 'compat/show suggested version=true': document ha
s been generated with the most recent feature set (\pgfplotsset{compat=1.18}).


Package chemgreek Info: Activating mapping `default' on line 77.

Package hyperref Info: Link coloring OFF on input line 77.
(./document.out) (./document.out)
\@outlinefile=\write4
\openout4 = `document.out'.

LaTeX Font Info:    Trying to load font information for U+msa on input line 98.


(/nix/store/07r08wijx7cs33ip6jla2rmmnpbmxjpy-texlive-2025-env-texmfdist/tex/lat
ex/amsfonts/umsa.fd
File: umsa.fd 2013/01/14 v3.01 AMS symbols A
)
LaTeX Font Info:    Trying to load font information for U+msb on input line 98.


(/nix/store/07r08wijx7cs33ip6jla2rmmnpbmxjpy-texlive-2025-env-texmfdist/tex/lat
ex/amsfonts/umsb.fd
File: umsb.fd 2013/01/14 v3.01 AMS symbols B
)

[1

{/nix/store/54psqfmjpdg0yz39k4zispmpzx97fn9c-texlive-2025-env/share/texmf-var/f
onts/map/pdftex/updmap/pdftex.map}] (./document.toc)
\tf@toc=\write5
\openout5 = `document.toc'.




Package fancyhdr Warning: \headheight is too small (12.0pt): 
(fancyhdr)                Make it at least 14.49998pt, for example:
(fancyhdr)                \setlength{\headheight}{14.49998pt}.
(fancyhdr)                You might also make \topmargin smaller:
(fancyhdr)                \addtolength{\topmargin}{-2.49998pt}.


pdfTeX warning (ext4): destination with the same identifier (name{page.1}) has 
been already used, duplicate ignored
<to be read again> 
                   \relax 
l.105 	\newpage
                [1]


Package fancyhdr Warning: \headheight is too small (12.0pt): 
(fancyhdr)                Make it at least 14.49998pt, for example:
(fancyhdr)                \setlength{\headheight}{14.49998pt}.
(fancyhdr)                You might also make \topmargin smaller:
(fancyhdr)                \addtolength{\topmargin}{-2.49998pt}.

[2]


Package fancyhdr Warning: \headheight is too small (12.0pt): 
(fancyhdr)                Make it at least 14.49998pt, for example:
(fancyhdr)                \setlength{\headheight}{14.49998pt}.
(fancyhdr)                You might also make \topmargin smaller:
(fancyhdr)                \addtolength{\topmargin}{-2.49998pt}.

[3{/nix/store/07r08wijx7cs33ip6jla2rmmnpbmxjpy-texlive-2025-env-texmfdist/fonts
/enc/dvips/cm-super/cm-super-ts1.enc}]
Underfull \hbox (badness 10000) in paragraph at lines 189--191

 []




Package fancyhdr Warning: \headheight is too small (12.0pt): 
(fancyhdr)                Make it at least 14.49998pt, for example:
(fancyhdr)                \setlength{\headheight}{14.49998pt}.
(fancyhdr)                You might also make \topmargin smaller:
(fancyhdr)                \addtolength{\topmargin}{-2.49998pt}.

[4]


Package fancyhdr Warning: \headheight is too small (12.0pt): 
(fancyhdr)                Make it at least 14.49998pt, for example:
(fancyhdr)                \setlength{\headheight}{14.49998pt}.
(fancyhdr)                You might also make \topmargin smaller:
(fancyhdr)                \addtolength{\topmargin}{-2.49998pt}.

[5]


Package fancyhdr Warning: \headheight is too small (12.0pt): 
(fancyhdr)                Make it at least 14.49998pt, for example:
(fancyhdr)                \setlength{\headheight}{14.49998pt}.
(fancyhdr)                You might also make \topmargin smaller:
(fancyhdr)                \addtolength{\topmargin}{-2.49998pt}.

[6]


Package fancyhdr Warning: \headheight is too small (12.0pt): 
(fancyhdr)                Make it at least 14.49998pt, for example:
(fancyhdr)                \setlength{\headheight}{14.49998pt}.
(fancyhdr)                You might also make \topmargin smaller:
(fancyhdr)                \addtolength{\topmargin}{-2.49998pt}.

[7]
Overfull \hbox (1.82635pt too wide) in paragraph at lines 325--326
 [] 
 []




Package fancyhdr Warning: \headheight is too small (12.0pt): 
(fancyhdr)                Make it at least 14.49998pt, for example:
(fancyhdr)                \setlength{\headheight}{14.49998pt}.
(fancyhdr)                You might also make \topmargin smaller:
(fancyhdr)                \addtolength{\topmargin}{-2.49998pt}.

[8]


Package fancyhdr Warning: \headheight is too small (12.0pt): 
(fancyhdr)                Make it at least 14.49998pt, for example:
(fancyhdr)                \setlength{\headheight}{14.49998pt}.
(fancyhdr)                You might also make \topmargin smaller:
(fancyhdr)                \addtolength{\topmargin}{-2.49998pt}.

[9]
Underfull \hbox (badness 10000) in paragraph at lines 331--339

 []




Package fancyhdr Warning: \headheight is too small (12.0pt): 
(fancyhdr)                Make it at least 14.49998pt, for example:
(fancyhdr)                \setlength{\headheight}{14.49998pt}.
(fancyhdr)                You might also make \topmargin smaller:
(fancyhdr)                \addtolength{\topmargin}{-2.49998pt}.

[10] (./document.aux)
 ***********
LaTeX2e <2025-06-01> patch level 1
L3 programming layer <2020/03/25>
 ***********
Package rerunfilecheck Info: File `document.out' has not changed.
(rerunfilecheck)             Checksum: 683FD69B587028A95F02FAF4EA667DA1;2670.
 ) 
Here is how much of TeX's memory you used:
 43887 strings out of 467890
 1040646 string characters out of 5410143
 1618822 words of memory out of 5000000
 71716 multiletter control sequences out of 15000+600000
 636533 words of font info for 77 fonts, out of 8000000 for 9000
 1141 hyphenation exceptions out of 8191
 98i,17n,101p,772b,2221s stack positions out of 10000i,1000n,20000p,200000b,200000s
</nix/store/07r08wijx7cs33ip6jla2rmmnpbmxjpy-texlive-2025-env-texmfdist/fonts
/type1/public/amsfonts/cm/cmbx12.pfb></nix/store/07r08wijx7cs33ip6jla2rmmnpbmxj
py-texlive-2025-env-texmfdist/fonts/type1/public/amsfonts/cm/cmex10.pfb></nix/s
tore/07r08wijx7cs33ip6jla2rmmnpbmxjpy-texlive-2025-env-texmfdist/fonts/type1/pu
blic/amsfonts/cm/cmmi12.pfb></nix/store/07r08wijx7cs33ip6jla2rmmnpbmxjpy-texliv
e-2025-env-texmfdist/fonts/type1/public/amsfonts/cm/cmmi8.pfb></nix/store/07r08
wijx7cs33ip6jla2rmmnpbmxjpy-texlive-2025-env-texmfdist/fonts/type1/public/amsfo
nts/cm/cmr10.pfb></nix/store/07r08wijx7cs33ip6jla2rmmnpbmxjpy-texlive-2025-env-
texmfdist/fonts/type1/public/amsfonts/cm/cmr12.pfb></nix/store/07r08wijx7cs33ip
6jla2rmmnpbmxjpy-texlive-2025-env-texmfdist/fonts/type1/public/amsfonts/cm/cmr8
.pfb></nix/store/07r08wijx7cs33ip6jla2rmmnpbmxjpy-texlive-2025-env-texmfdist/fo
nts/type1/public/amsfonts/cm/cmsy10.pfb></nix/store/07r08wijx7cs33ip6jla2rmmnpb
mxjpy-texlive-2025-env-texmfdist/fonts/type1/public/amsfonts/cm/cmsy8.pfb></nix
/store/07r08wijx7cs33ip6jla2rmmnpbmxjpy-texlive-2025-env-texmfdist/fonts/type1/
public/cm-super/sfrm1200.pfb>
Output written on document.pdf (11 pages, 135283 bytes).
PDF statistics:
 237 PDF objects out of 1000 (max. 8388607)
 178 compressed objects within 2 object streams
 28 named destinations out of 1000 (max. 500000)
 293 words of extra memory for PDF output out of 10000 (max. 10000000)

